Using pre-set license
Built from '2020.3/staging' branch; Version is '2020.3.26f1 (7298b473bc1a) revision 7510196'; Using compiler version '192528614'; Build Type 'Release'
OS: 'Windows 10  (10.0.19044) 64bit Core' Language: 'ko' Physical Memory: 32665 MB
BatchMode: 1, IsHumanControllingUs: 0, StartBugReporterOnCrash: 0, Is64bit: 1, IsPro: 0

COMMAND LINE ARGUMENTS:
C:\Program Files\Unity\Hub\Editor\2020.3.26f1\Editor\Unity.exe
-adb2
-batchMode
-noUpm
-name
AssetImportWorker0
-projectPath
D:/HCI Metaverse
-logFile
Logs/AssetImportWorker0.log
-srvPort
61431
Successfully changed project path to: D:/HCI Metaverse
D:/HCI Metaverse
Using Asset Import Pipeline V2.
Refreshing native plugins compatible for Editor in 33.79 ms, found 2 plugins.
Preloading 0 native plugins for Editor in 0.00 ms.
Initialize engine version: 2020.3.26f1 (7298b473bc1a)
[Subsystems] Discovering subsystems at path C:/Program Files/Unity/Hub/Editor/2020.3.26f1/Editor/Data/Resources/UnitySubsystems
[Subsystems] Discovering subsystems at path D:/HCI Metaverse/Assets
GfxDevice: creating device client; threaded=0
Direct3D:
    Version:  Direct3D 11.0 [level 11.1]
    Renderer: NVIDIA GeForce RTX 3070 Ti (ID=0x2482)
    Vendor:   
    VRAM:     8041 MB
    Driver:   30.0.15.1123
Initialize mono
Mono path[0] = 'C:/Program Files/Unity/Hub/Editor/2020.3.26f1/Editor/Data/Managed'
Mono path[1] = 'C:/Program Files/Unity/Hub/Editor/2020.3.26f1/Editor/Data/MonoBleedingEdge/lib/mono/unityjit'
Mono config path = 'C:/Program Files/Unity/Hub/Editor/2020.3.26f1/Editor/Data/MonoBleedingEdge/etc'
Using monoOptions --debugger-agent=transport=dt_socket,embedding=1,server=y,suspend=n,address=127.0.0.1:56676
Begin MonoManager ReloadAssembly
Registering precompiled unity dll's ...
Register platform support module: C:/Program Files/Unity/Hub/Editor/2020.3.26f1/Editor/Data/PlaybackEngines/WebGLSupport/UnityEditor.WebGL.Extensions.dll
Register platform support module: C:/Program Files/Unity/Hub/Editor/2020.3.26f1/Editor/Data/PlaybackEngines/WindowsStandaloneSupport/UnityEditor.WindowsStandalone.Extensions.dll
Registered in 0.002273 seconds.
Native extension for WindowsStandalone target not found
Native extension for WebGL target not found
Refreshing native plugins compatible for Editor in 32.46 ms, found 2 plugins.
Preloading 0 native plugins for Editor in 0.00 ms.
Mono: successfully reloaded assembly
- Completed reload, in  0.394 seconds
Domain Reload Profiling:
	ReloadAssembly (394ms)
		BeginReloadAssembly (47ms)
			ExecutionOrderSort (0ms)
			DisableScriptedObjects (0ms)
			BackupInstance (0ms)
			ReleaseScriptingObjects (0ms)
			CreateAndSetChildDomain (0ms)
		EndReloadAssembly (297ms)
			LoadAssemblies (45ms)
			RebuildTransferFunctionScriptingTraits (0ms)
			SetupTypeCache (91ms)
			ReleaseScriptCaches (0ms)
			RebuildScriptCaches (20ms)
			SetupLoadedEditorAssemblies (120ms)
				LogAssemblyErrors (0ms)
				InitializePlatformSupportModulesInManaged (4ms)
				SetLoadedEditorAssemblies (0ms)
				RefreshPlugins (33ms)
				BeforeProcessingInitializeOnLoad (11ms)
				ProcessInitializeOnLoadAttributes (54ms)
				ProcessInitializeOnLoadMethodAttributes (17ms)
				AfterProcessingInitializeOnLoad (0ms)
				EditorAssembliesLoaded (0ms)
			ExecutionOrderSort2 (0ms)
			AwakeInstancesAfterBackupRestoration (0ms)
Platform modules already initialized, skipping
Registering precompiled user dll's ...
Registered in 0.003441 seconds.
Begin MonoManager ReloadAssembly
Native extension for WindowsStandalone target not found
Native extension for WebGL target not found
Refreshing native plugins compatible for Editor in 0.35 ms, found 2 plugins.
Preloading 0 native plugins for Editor in 0.00 ms.
Mono: successfully reloaded assembly
- Completed reload, in  0.685 seconds
Domain Reload Profiling:
	ReloadAssembly (686ms)
		BeginReloadAssembly (103ms)
			ExecutionOrderSort (0ms)
			DisableScriptedObjects (3ms)
			BackupInstance (0ms)
			ReleaseScriptingObjects (0ms)
			CreateAndSetChildDomain (13ms)
		EndReloadAssembly (541ms)
			LoadAssemblies (71ms)
			RebuildTransferFunctionScriptingTraits (0ms)
			SetupTypeCache (179ms)
			ReleaseScriptCaches (0ms)
			RebuildScriptCaches (33ms)
			SetupLoadedEditorAssemblies (212ms)
				LogAssemblyErrors (0ms)
				InitializePlatformSupportModulesInManaged (4ms)
				SetLoadedEditorAssemblies (0ms)
				RefreshPlugins (0ms)
				BeforeProcessingInitializeOnLoad (54ms)
				ProcessInitializeOnLoadAttributes (141ms)
				ProcessInitializeOnLoadMethodAttributes (7ms)
				AfterProcessingInitializeOnLoad (5ms)
				EditorAssembliesLoaded (0ms)
			ExecutionOrderSort2 (0ms)
			AwakeInstancesAfterBackupRestoration (4ms)
Platform modules already initialized, skipping
========================================================================
Worker process is ready to serve import requests
Launched and connected shader compiler UnityShaderCompiler.exe after 0.04 seconds
Refreshing native plugins compatible for Editor in 0.36 ms, found 2 plugins.
Preloading 0 native plugins for Editor in 0.00 ms.
Unloading 1881 Unused Serialized files (Serialized files now loaded: 0)
System memory in use before: 93.8 MB.
System memory in use after: 93.9 MB.

Unloading 26 unused Assets to reduce memory usage. Loaded Objects now: 2326.
Total: 1.888100 ms (FindLiveObjects: 0.086900 ms CreateObjectMapping: 0.033200 ms MarkObjects: 1.727000 ms  DeleteObjects: 0.040300 ms)

AssetImportParameters requested are different than current active one (requested -> active):
  custom:framework-win-MediaFoundation: 216162199b28c13a410421893ffa2e32 -> 
  custom:video-decoder-ogg-theora: a1e56fd34408186e4bbccfd4996cb3dc -> 
  custom:container-muxer-webm: aa71ff27fc2769a1b78a27578f13a17b -> 
  custom:container-demuxer-webm: 4f35f7cbe854078d1ac9338744f61a02 -> 
  custom:container-demuxer-ogg: 62fdf1f143b41e24485cea50d1cbac27 -> 
  custom:video-encoder-webm-vp8: eb34c28f22e8b96e1ab97ce403110664 -> 
  custom:video-decoder-webm-vp8: 9c59270c3fd7afecdb556c50c9e8de78 -> 
  custom:audio-decoder-ogg-vorbis: bf7c407c2cedff20999df2af8eb42d56 -> 
  custom:audio-encoder-webm-vorbis: bf7c407c2cedff20999df2af8eb42d56 -> 
========================================================================
Received Import Request.
  path: Assets/Prefabs/Player Info.prefab
  artifactKey: Guid(feb7864ac2daf124aace191f27513f03) Importer(815301076,1909f56bfc062723c751e8b465ee728b)
Start importing Assets/Prefabs/Player Info.prefab using Guid(feb7864ac2daf124aace191f27513f03) Importer(815301076,1909f56bfc062723c751e8b465ee728b)  -> (artifact id: '963e36ce409d61e307cdb7ce9fe5c0b6') in 0.059282 seconds 
  Import took 0.061318 seconds .

========================================================================
Received Import Request.
  Time since last request: 0.984875 seconds.
  path: Assets/Prefabs/traffic signs
  artifactKey: Guid(b60a37c27211692418e3e67fee8dad67) Importer(815301076,1909f56bfc062723c751e8b465ee728b)
Start importing Assets/Prefabs/traffic signs using Guid(b60a37c27211692418e3e67fee8dad67) Importer(815301076,1909f56bfc062723c751e8b465ee728b)  -> (artifact id: 'f343b64d719c77e0be4c67bcc54b1c16') in 0.005198 seconds 
  Import took 0.007174 seconds .

========================================================================
Received Import Request.
  Time since last request: 1.289746 seconds.
  path: Assets/Prefabs/Props
  artifactKey: Guid(dce026fb71e70fd42acd6fbfdecc07a8) Importer(815301076,1909f56bfc062723c751e8b465ee728b)
Start importing Assets/Prefabs/Props using Guid(dce026fb71e70fd42acd6fbfdecc07a8) Importer(815301076,1909f56bfc062723c751e8b465ee728b)  -> (artifact id: '105ae447df271692257386a1146828ea') in 0.005646 seconds 
  Import took 0.007748 seconds .

========================================================================
Received Import Request.
  Time since last request: 0.406087 seconds.
  path: Assets/Prefabs/NPC_Character
  artifactKey: Guid(75da3e05e2e5e284abbcd197cc2d8af3) Importer(815301076,1909f56bfc062723c751e8b465ee728b)
Start importing Assets/Prefabs/NPC_Character using Guid(75da3e05e2e5e284abbcd197cc2d8af3) Importer(815301076,1909f56bfc062723c751e8b465ee728b)  -> (artifact id: '78e22996cf2493419c6857a1846ff1de') in 0.005391 seconds 
  Import took 0.007422 seconds .

========================================================================
Received Import Request.
  Time since last request: 2.897240 seconds.
  path: Assets/Editor
  artifactKey: Guid(fe12aedf58b81d64e9367a8571d9d474) Importer(815301076,1909f56bfc062723c751e8b465ee728b)
Start importing Assets/Editor using Guid(fe12aedf58b81d64e9367a8571d9d474) Importer(815301076,1909f56bfc062723c751e8b465ee728b)  -> (artifact id: '9fda7bc68e50f6ca33b451625a664284') in 0.004603 seconds 
  Import took 0.006701 seconds .

========================================================================
Received Import Request.
  Time since last request: 5.094313 seconds.
  path: Assets/Scripts/ProgramManager.cs
  artifactKey: Guid(0904ce769a0c6d247972d82683adab63) Importer(815301076,1909f56bfc062723c751e8b465ee728b)
Start importing Assets/Scripts/ProgramManager.cs using Guid(0904ce769a0c6d247972d82683adab63) Importer(815301076,1909f56bfc062723c751e8b465ee728b)  -> (artifact id: '322ad9107f2c95c4dd20538efbf56770') in 0.007644 seconds 
  Import took 0.009778 seconds .

========================================================================
Received Import Request.
  Time since last request: 12.705786 seconds.
  path: Assets/Scripts/PlayerSetting.cs
  artifactKey: Guid(3b92a365a316ba64aa49eef0da62a3ad) Importer(815301076,1909f56bfc062723c751e8b465ee728b)
Start importing Assets/Scripts/PlayerSetting.cs using Guid(3b92a365a316ba64aa49eef0da62a3ad) Importer(815301076,1909f56bfc062723c751e8b465ee728b)  -> (artifact id: '61c07464d20fd01d633f488fa777b897') in 0.004072 seconds 
  Import took 0.006291 seconds .

========================================================================
Received Import Request.
  Time since last request: 35.528723 seconds.
  path: Assets/Resources/Test_FBX_File.json
  artifactKey: Guid(00ccafda101d7614c8b49a11bb9c5895) Importer(815301076,1909f56bfc062723c751e8b465ee728b)
Start importing Assets/Resources/Test_FBX_File.json using Guid(00ccafda101d7614c8b49a11bb9c5895) Importer(815301076,1909f56bfc062723c751e8b465ee728b)  -> (artifact id: '5b826c85f32a0a0aff28c4fa0fdd5439') in 0.008578 seconds 
  Import took 0.011091 seconds .

========================================================================
Received Import Request.
  Time since last request: 28.173116 seconds.
  path: Assets/Resources/Models
  artifactKey: Guid(6c99c038c092aff41866033fc0d34925) Importer(815301076,1909f56bfc062723c751e8b465ee728b)
Start importing Assets/Resources/Models using Guid(6c99c038c092aff41866033fc0d34925) Importer(815301076,1909f56bfc062723c751e8b465ee728b)  -> (artifact id: 'd33bc4a211bdba0d5b5fb3853b6d8454') in 0.005062 seconds 
  Import took 0.007209 seconds .

========================================================================
Received Import Request.
  Time since last request: 0.064492 seconds.
  path: Assets/Resources/Models/Test_FBX_File_1.fbx
  artifactKey: Guid(1a9926feb830c2e428c7a7f8c1420112) Importer(815301076,1909f56bfc062723c751e8b465ee728b)
Start importing Assets/Resources/Models/Test_FBX_File_1.fbx using Guid(1a9926feb830c2e428c7a7f8c1420112) Importer(815301076,1909f56bfc062723c751e8b465ee728b)  -> (artifact id: '069e85f6d387d33cffb8110eae6e2c40') in 0.356226 seconds 
  Import took 0.358666 seconds .

========================================================================
Received Import Request.
  Time since last request: 0.000293 seconds.
  path: Assets/Resources/Models/Test_FBX_File_2.fbx
  artifactKey: Guid(d90af14d0018c8745b56927d319b0592) Importer(815301076,1909f56bfc062723c751e8b465ee728b)
Start importing Assets/Resources/Models/Test_FBX_File_2.fbx using Guid(d90af14d0018c8745b56927d319b0592) Importer(815301076,1909f56bfc062723c751e8b465ee728b)  -> (artifact id: '171aa03d74d9ddf932f35c75e4b41c78') in 0.058597 seconds 
  Import took 0.060898 seconds .

========================================================================
Received Import Request.
  Time since last request: 98.947809 seconds.
  path: Assets/Scripts/NPCAnimation.cs
  artifactKey: Guid(604e93006b3a0cb42a554aa3a8266be6) Importer(815301076,1909f56bfc062723c751e8b465ee728b)
Start importing Assets/Scripts/NPCAnimation.cs using Guid(604e93006b3a0cb42a554aa3a8266be6) Importer(815301076,1909f56bfc062723c751e8b465ee728b)  -> (artifact id: '6d0a114eb01bc4328ccb4f5b145a7abf') in 0.005549 seconds 
  Import took 0.007818 seconds .

========================================================================
Received Import Request.
  Time since last request: 0.896118 seconds.
  path: Assets/Scripts/NetworkManager.cs
  artifactKey: Guid(a84969dbb4de7c5409a7cba02fe5d329) Importer(815301076,1909f56bfc062723c751e8b465ee728b)
Start importing Assets/Scripts/NetworkManager.cs using Guid(a84969dbb4de7c5409a7cba02fe5d329) Importer(815301076,1909f56bfc062723c751e8b465ee728b)  -> (artifact id: '1015197e522c93bc9e8a2ec3a3567b09') in 0.004047 seconds 
  Import took 0.006295 seconds .

========================================================================
Received Import Request.
  Time since last request: 1.322548 seconds.
  path: Assets/Scripts/SimpleLoading.cs
  artifactKey: Guid(f713115f9047f7443b8749337669f779) Importer(815301076,1909f56bfc062723c751e8b465ee728b)
Start importing Assets/Scripts/SimpleLoading.cs using Guid(f713115f9047f7443b8749337669f779) Importer(815301076,1909f56bfc062723c751e8b465ee728b)  -> (artifact id: '783d35f4bea3602a0088d075da18f94f') in 0.004466 seconds 
  Import took 0.006745 seconds .

========================================================================
Received Import Request.
  Time since last request: 10.248426 seconds.
  path: Assets/Scripts/PlayerMovement.cs
  artifactKey: Guid(d92a73b49316f3f4fabbaec8b29091c2) Importer(815301076,1909f56bfc062723c751e8b465ee728b)
Start importing Assets/Scripts/PlayerMovement.cs using Guid(d92a73b49316f3f4fabbaec8b29091c2) Importer(815301076,1909f56bfc062723c751e8b465ee728b)  -> (artifact id: '399b65f3d9020ce4b4af8de36621ca15') in 0.004169 seconds 
  Import took 0.006557 seconds .

========================================================================
Received Import Request.
  Time since last request: 91.089071 seconds.
  path: Assets/Scripts/JsonParsing.cs
  artifactKey: Guid(f6d30fbcc5ed2ad4a830d0a2b721a9b3) Importer(815301076,1909f56bfc062723c751e8b465ee728b)
Start importing Assets/Scripts/JsonParsing.cs using Guid(f6d30fbcc5ed2ad4a830d0a2b721a9b3) Importer(815301076,1909f56bfc062723c751e8b465ee728b)  -> (artifact id: '90b6c53195564c210eded13c3a2c770d') in 0.004725 seconds 
  Import took 0.007183 seconds .

========================================================================
Received Import Request.
  Time since last request: 91.657484 seconds.
  path: Assets/Resources/Images
  artifactKey: Guid(b5893d66f1cf03643a8902db5be2eebe) Importer(815301076,1909f56bfc062723c751e8b465ee728b)
Start importing Assets/Resources/Images using Guid(b5893d66f1cf03643a8902db5be2eebe) Importer(815301076,1909f56bfc062723c751e8b465ee728b)  -> (artifact id: '5b3f789417695bd47bc3dc17a408e90a') in 0.004711 seconds 
  Import took 0.007241 seconds .

========================================================================
Received Prepare
Registering precompiled user dll's ...
Registered in 0.004054 seconds.
Begin MonoManager ReloadAssembly
Native extension for WindowsStandalone target not found
Native extension for WebGL target not found
Refreshing native plugins compatible for Editor in 0.35 ms, found 2 plugins.
Preloading 0 native plugins for Editor in 0.00 ms.
Mono: successfully reloaded assembly
- Completed reload, in  0.680 seconds
Domain Reload Profiling:
	ReloadAssembly (680ms)
		BeginReloadAssembly (92ms)
			ExecutionOrderSort (0ms)
			DisableScriptedObjects (2ms)
			BackupInstance (0ms)
			ReleaseScriptingObjects (0ms)
			CreateAndSetChildDomain (22ms)
		EndReloadAssembly (543ms)
			LoadAssemblies (73ms)
			RebuildTransferFunctionScriptingTraits (0ms)
			SetupTypeCache (192ms)
			ReleaseScriptCaches (1ms)
			RebuildScriptCaches (26ms)
			SetupLoadedEditorAssemblies (206ms)
				LogAssemblyErrors (0ms)
				InitializePlatformSupportModulesInManaged (4ms)
				SetLoadedEditorAssemblies (0ms)
				RefreshPlugins (0ms)
				BeforeProcessingInitializeOnLoad (53ms)
				ProcessInitializeOnLoadAttributes (135ms)
				ProcessInitializeOnLoadMethodAttributes (7ms)
				AfterProcessingInitializeOnLoad (7ms)
				EditorAssembliesLoaded (0ms)
			ExecutionOrderSort2 (0ms)
			AwakeInstancesAfterBackupRestoration (4ms)
Platform modules already initialized, skipping
Refreshing native plugins compatible for Editor in 0.37 ms, found 2 plugins.
Preloading 0 native plugins for Editor in 0.00 ms.
Unloading 1872 Unused Serialized files (Serialized files now loaded: 0)
System memory in use before: 110.5 MB.
System memory in use after: 110.6 MB.

Unloading 20 unused Assets to reduce memory usage. Loaded Objects now: 2373.
Total: 1.695700 ms (FindLiveObjects: 0.092700 ms CreateObjectMapping: 0.034800 ms MarkObjects: 1.557600 ms  DeleteObjects: 0.010100 ms)

AssetImportParameters requested are different than current active one (requested -> active):
  custom:framework-win-MediaFoundation: 216162199b28c13a410421893ffa2e32 -> 
  custom:video-decoder-ogg-theora: a1e56fd34408186e4bbccfd4996cb3dc -> 
  custom:container-muxer-webm: aa71ff27fc2769a1b78a27578f13a17b -> 
  custom:container-demuxer-webm: 4f35f7cbe854078d1ac9338744f61a02 -> 
  custom:container-demuxer-ogg: 62fdf1f143b41e24485cea50d1cbac27 -> 
  custom:video-encoder-webm-vp8: eb34c28f22e8b96e1ab97ce403110664 -> 
  custom:video-decoder-webm-vp8: 9c59270c3fd7afecdb556c50c9e8de78 -> 
  custom:audio-decoder-ogg-vorbis: bf7c407c2cedff20999df2af8eb42d56 -> 
  custom:audio-encoder-webm-vorbis: bf7c407c2cedff20999df2af8eb42d56 -> 
========================================================================
Received Import Request.
  Time since last request: 200.068800 seconds.
  path: Assets/Resources/배정은.prefab
  artifactKey: Guid(27303d8667b507c4fbba13d64eed1014) Importer(815301076,1909f56bfc062723c751e8b465ee728b)
Start importing Assets/Resources/배정은.prefab using Guid(27303d8667b507c4fbba13d64eed1014) Importer(815301076,1909f56bfc062723c751e8b465ee728b)  -> (artifact id: '230a129bdb11f191e59a3635b5d5d8ff') in 0.059078 seconds 
  Import took 0.062033 seconds .

========================================================================
Received Import Request.
  Time since last request: 0.000170 seconds.
  path: Assets/Resources/배정은.prefab
  artifactKey: Guid(27303d8667b507c4fbba13d64eed1014) Importer(815301076,1909f56bfc062723c751e8b465ee728b)
Start importing Assets/Resources/배정은.prefab using Guid(27303d8667b507c4fbba13d64eed1014) Importer(815301076,1909f56bfc062723c751e8b465ee728b)  -> (artifact id: 'b3b9b3ca93dea40a3145936352807577') in 0.026103 seconds 
  Import took 0.029151 seconds .

========================================================================
Received Prepare
Registering precompiled user dll's ...
Registered in 0.004300 seconds.
Begin MonoManager ReloadAssembly
Native extension for WindowsStandalone target not found
Native extension for WebGL target not found
Refreshing native plugins compatible for Editor in 0.35 ms, found 2 plugins.
Preloading 0 native plugins for Editor in 0.00 ms.
Mono: successfully reloaded assembly
- Completed reload, in  0.695 seconds
Domain Reload Profiling:
	ReloadAssembly (695ms)
		BeginReloadAssembly (96ms)
			ExecutionOrderSort (0ms)
			DisableScriptedObjects (3ms)
			BackupInstance (0ms)
			ReleaseScriptingObjects (0ms)
			CreateAndSetChildDomain (23ms)
		EndReloadAssembly (555ms)
			LoadAssemblies (81ms)
			RebuildTransferFunctionScriptingTraits (0ms)
			SetupTypeCache (189ms)
			ReleaseScriptCaches (1ms)
			RebuildScriptCaches (27ms)
			SetupLoadedEditorAssemblies (207ms)
				LogAssemblyErrors (0ms)
				InitializePlatformSupportModulesInManaged (4ms)
				SetLoadedEditorAssemblies (0ms)
				RefreshPlugins (0ms)
				BeforeProcessingInitializeOnLoad (53ms)
				ProcessInitializeOnLoadAttributes (135ms)
				ProcessInitializeOnLoadMethodAttributes (8ms)
				AfterProcessingInitializeOnLoad (7ms)
				EditorAssembliesLoaded (0ms)
			ExecutionOrderSort2 (0ms)
			AwakeInstancesAfterBackupRestoration (4ms)
Platform modules already initialized, skipping
Refreshing native plugins compatible for Editor in 0.37 ms, found 2 plugins.
Preloading 0 native plugins for Editor in 0.00 ms.
Unloading 1872 Unused Serialized files (Serialized files now loaded: 0)
System memory in use before: 110.6 MB.
System memory in use after: 110.7 MB.

Unloading 20 unused Assets to reduce memory usage. Loaded Objects now: 2377.
Total: 1.738600 ms (FindLiveObjects: 0.094700 ms CreateObjectMapping: 0.038800 ms MarkObjects: 1.581600 ms  DeleteObjects: 0.022700 ms)

AssetImportParameters requested are different than current active one (requested -> active):
  custom:framework-win-MediaFoundation: 216162199b28c13a410421893ffa2e32 -> 
  custom:video-decoder-ogg-theora: a1e56fd34408186e4bbccfd4996cb3dc -> 
  custom:container-muxer-webm: aa71ff27fc2769a1b78a27578f13a17b -> 
  custom:container-demuxer-webm: 4f35f7cbe854078d1ac9338744f61a02 -> 
  custom:container-demuxer-ogg: 62fdf1f143b41e24485cea50d1cbac27 -> 
  custom:video-encoder-webm-vp8: eb34c28f22e8b96e1ab97ce403110664 -> 
  custom:video-decoder-webm-vp8: 9c59270c3fd7afecdb556c50c9e8de78 -> 
  custom:audio-decoder-ogg-vorbis: bf7c407c2cedff20999df2af8eb42d56 -> 
  custom:audio-encoder-webm-vorbis: bf7c407c2cedff20999df2af8eb42d56 -> 
========================================================================
Received Prepare
Registering precompiled user dll's ...
Registered in 0.004236 seconds.
Begin MonoManager ReloadAssembly
Native extension for WindowsStandalone target not found
Native extension for WebGL target not found
Refreshing native plugins compatible for Editor in 0.47 ms, found 2 plugins.
Preloading 0 native plugins for Editor in 0.00 ms.
Mono: successfully reloaded assembly
- Completed reload, in  0.761 seconds
Domain Reload Profiling:
	ReloadAssembly (762ms)
		BeginReloadAssembly (106ms)
			ExecutionOrderSort (0ms)
			DisableScriptedObjects (3ms)
			BackupInstance (0ms)
			ReleaseScriptingObjects (0ms)
			CreateAndSetChildDomain (22ms)
		EndReloadAssembly (607ms)
			LoadAssemblies (84ms)
			RebuildTransferFunctionScriptingTraits (0ms)
			SetupTypeCache (210ms)
			ReleaseScriptCaches (1ms)
			RebuildScriptCaches (29ms)
			SetupLoadedEditorAssemblies (232ms)
				LogAssemblyErrors (0ms)
				InitializePlatformSupportModulesInManaged (5ms)
				SetLoadedEditorAssemblies (0ms)
				RefreshPlugins (1ms)
				BeforeProcessingInitializeOnLoad (58ms)
				ProcessInitializeOnLoadAttributes (152ms)
				ProcessInitializeOnLoadMethodAttributes (8ms)
				AfterProcessingInitializeOnLoad (7ms)
				EditorAssembliesLoaded (0ms)
			ExecutionOrderSort2 (0ms)
			AwakeInstancesAfterBackupRestoration (5ms)
Platform modules already initialized, skipping
Refreshing native plugins compatible for Editor in 0.37 ms, found 2 plugins.
Preloading 0 native plugins for Editor in 0.00 ms.
Unloading 1872 Unused Serialized files (Serialized files now loaded: 0)
System memory in use before: 110.6 MB.
System memory in use after: 110.7 MB.

Unloading 20 unused Assets to reduce memory usage. Loaded Objects now: 2380.
Total: 1.749700 ms (FindLiveObjects: 0.097200 ms CreateObjectMapping: 0.037100 ms MarkObjects: 1.603800 ms  DeleteObjects: 0.010700 ms)

AssetImportParameters requested are different than current active one (requested -> active):
  custom:framework-win-MediaFoundation: 216162199b28c13a410421893ffa2e32 -> 
  custom:video-decoder-ogg-theora: a1e56fd34408186e4bbccfd4996cb3dc -> 
  custom:container-muxer-webm: aa71ff27fc2769a1b78a27578f13a17b -> 
  custom:container-demuxer-webm: 4f35f7cbe854078d1ac9338744f61a02 -> 
  custom:container-demuxer-ogg: 62fdf1f143b41e24485cea50d1cbac27 -> 
  custom:video-encoder-webm-vp8: eb34c28f22e8b96e1ab97ce403110664 -> 
  custom:video-decoder-webm-vp8: 9c59270c3fd7afecdb556c50c9e8de78 -> 
  custom:audio-decoder-ogg-vorbis: bf7c407c2cedff20999df2af8eb42d56 -> 
  custom:audio-encoder-webm-vorbis: bf7c407c2cedff20999df2af8eb42d56 -> 
========================================================================
Received Prepare
Registering precompiled user dll's ...
Registered in 0.004049 seconds.
Begin MonoManager ReloadAssembly
Native extension for WindowsStandalone target not found
Native extension for WebGL target not found
Refreshing native plugins compatible for Editor in 0.35 ms, found 2 plugins.
Preloading 0 native plugins for Editor in 0.00 ms.
Mono: successfully reloaded assembly
- Completed reload, in  0.668 seconds
Domain Reload Profiling:
	ReloadAssembly (668ms)
		BeginReloadAssembly (96ms)
			ExecutionOrderSort (0ms)
			DisableScriptedObjects (3ms)
			BackupInstance (0ms)
			ReleaseScriptingObjects (0ms)
			CreateAndSetChildDomain (20ms)
		EndReloadAssembly (530ms)
			LoadAssemblies (75ms)
			RebuildTransferFunctionScriptingTraits (0ms)
			SetupTypeCache (181ms)
			ReleaseScriptCaches (1ms)
			RebuildScriptCaches (25ms)
			SetupLoadedEditorAssemblies (203ms)
				LogAssemblyErrors (0ms)
				InitializePlatformSupportModulesInManaged (4ms)
				SetLoadedEditorAssemblies (0ms)
				RefreshPlugins (0ms)
				BeforeProcessingInitializeOnLoad (53ms)
				ProcessInitializeOnLoadAttributes (131ms)
				ProcessInitializeOnLoadMethodAttributes (7ms)
				AfterProcessingInitializeOnLoad (7ms)
				EditorAssembliesLoaded (0ms)
			ExecutionOrderSort2 (0ms)
			AwakeInstancesAfterBackupRestoration (4ms)
Platform modules already initialized, skipping
Refreshing native plugins compatible for Editor in 0.37 ms, found 2 plugins.
Preloading 0 native plugins for Editor in 0.00 ms.
Unloading 1872 Unused Serialized files (Serialized files now loaded: 0)
System memory in use before: 110.6 MB.
System memory in use after: 110.7 MB.

Unloading 20 unused Assets to reduce memory usage. Loaded Objects now: 2383.
Total: 1.829400 ms (FindLiveObjects: 0.088000 ms CreateObjectMapping: 0.033900 ms MarkObjects: 1.695100 ms  DeleteObjects: 0.011800 ms)

AssetImportParameters requested are different than current active one (requested -> active):
  custom:framework-win-MediaFoundation: 216162199b28c13a410421893ffa2e32 -> 
  custom:video-decoder-ogg-theora: a1e56fd34408186e4bbccfd4996cb3dc -> 
  custom:container-muxer-webm: aa71ff27fc2769a1b78a27578f13a17b -> 
  custom:container-demuxer-webm: 4f35f7cbe854078d1ac9338744f61a02 -> 
  custom:container-demuxer-ogg: 62fdf1f143b41e24485cea50d1cbac27 -> 
  custom:video-encoder-webm-vp8: eb34c28f22e8b96e1ab97ce403110664 -> 
  custom:video-decoder-webm-vp8: 9c59270c3fd7afecdb556c50c9e8de78 -> 
  custom:audio-decoder-ogg-vorbis: bf7c407c2cedff20999df2af8eb42d56 -> 
  custom:audio-encoder-webm-vorbis: bf7c407c2cedff20999df2af8eb42d56 -> 
AssetImportWorkerClient::OnTransportError - code=2 error=End of file
